# JRE version: Java(TM) SE Runtime Environment (8.0_131-b11) (build 1.8.0_131-b11)
# Java VM: Java HotSpot(TM) 64-Bit Server VM (25.131-b11 mixed mode windows-amd64 )
Heap:
 PSYoungGen      total 2045440K, used 2040102K [0x0000000aeab00000, 0x0000000b67f00000, 0x0000001020000000)
  eden space 2040320K, 99% used [0x0000000aeab00000,0x0000000b67349800,0x0000000b67380000)
  from space 5120K, 0% used [0x0000000b67880000,0x0000000b67880000,0x0000000b67d80000)
  to   space 5120K, 0% used [0x0000000b67380000,0x0000000b67380000,0x0000000b67880000)
 ParOldGen       total 24012800K, used 24012361K [0x0000000080000000, 0x0000000639a80000, 0x0000000aeab00000)
  object space 24012800K, 99% used [0x0000000080000000,0x0000000639992678,0x0000000639a00000)
 Metaspace       used 2604K, capacity 4100K, committed 4352K, reserved 8192K
GC Heap History (10 events):
Event: 18.363 GC heap before
{Heap before GC invocations=64 (full 33):
 PSYoungGen      total 2045440K, used 2040102K [0x0000000aeab00000, 0x0000000b67f00000, 0x0000001020000000)
  eden space 2040320K, 99% used [0x0000000aeab00000,0x0000000b67349800,0x0000000b67380000)
  from space 5120K, 0% used [0x0000000b67880000,0x0000000b67880000,0x0000000b67d80000)
  to   space 5120K, 0% used [0x0000000b67380000,0x0000000b67380000,0x0000000b67880000)
 ParOldGen       total 23972864K, used 23972515K [0x0000000080000000, 0x0000000637300000, 0x0000000aeab00000)
  object space 23972864K, 99% used [0x0000000080000000,0x00000006372a8f80,0x0000000637300000)
 Metaspace       used 2604K, capacity 4100K, committed 4352K, reserved 8192K
Event: 18.458 GC heap after
Heap after GC invocations=64 (full 33):
 PSYoungGen      total 2045440K, used 2040102K [0x0000000aeab00000, 0x0000000b67f00000, 0x0000001020000000)
  eden space 2040320K, 99% used [0x0000000aeab00000,0x0000000b67349800,0x0000000b67380000)
  from space 5120K, 0% used [0x0000000b67880000,0x0000000b67880000,0x0000000b67d80000)
  to   space 5120K, 0% used [0x0000000b67380000,0x0000000b67380000,0x0000000b67880000)
 ParOldGen       total 23972864K, used 23972515K [0x0000000080000000, 0x0000000637300000, 0x0000000aeab00000)
  object space 23972864K, 99% used [0x0000000080000000,0x00000006372a8f80,0x0000000637300000)
 Metaspace       used 2604K, capacity 4100K, committed 4352K, reserved 8192K
}
Event: 18.464 GC heap before
{Heap before GC invocations=65 (full 34):
 PSYoungGen      total 2045440K, used 2040102K [0x0000000aeab00000, 0x0000000b67f00000, 0x0000001020000000)
  eden space 2040320K, 99% used [0x0000000aeab00000,0x0000000b67349800,0x0000000b67380000)
  from space 5120K, 0% used [0x0000000b67880000,0x0000000b67880000,0x0000000b67d80000)
  to   space 5120K, 0% used [0x0000000b67380000,0x0000000b67380000,0x0000000b67880000)
 ParOldGen       total 24002560K, used 24002517K [0x0000000080000000, 0x0000000639000000, 0x0000000aeab00000)
  object space 24002560K, 99% used [0x0000000080000000,0x0000000638ff5580,0x0000000639000000)
 Metaspace       used 2604K, capacity 4100K, committed 4352K, reserved 8192K
Event: 18.561 GC heap after
Heap after GC invocations=65 (full 34):
 PSYoungGen      total 2045440K, used 2040102K [0x0000000aeab00000, 0x0000000b67f00000, 0x0000001020000000)
  eden space 2040320K, 99% used [0x0000000aeab00000,0x0000000b67349800,0x0000000b67380000)
  from space 5120K, 0% used [0x0000000b67880000,0x0000000b67880000,0x0000000b67d80000)
  to   space 5120K, 0% used [0x0000000b67380000,0x0000000b67380000,0x0000000b67880000)
 ParOldGen       total 24002560K, used 24002517K [0x0000000080000000, 0x0000000639000000, 0x0000000aeab00000)
  object space 24002560K, 99% used [0x0000000080000000,0x0000000638ff5580,0x0000000639000000)
 Metaspace       used 2604K, capacity 4100K, committed 4352K, reserved 8192K
}
Event: 18.562 GC heap before
{Heap before GC invocations=66 (full 35):
 PSYoungGen      total 2045440K, used 2040102K [0x0000000aeab00000, 0x0000000b67f00000, 0x0000001020000000)
  eden space 2040320K, 99% used [0x0000000aeab00000,0x0000000b67349800,0x0000000b67380000)
  from space 5120K, 0% used [0x0000000b67880000,0x0000000b67880000,0x0000000b67d80000)
  to   space 5120K, 0% used [0x0000000b67380000,0x0000000b67380000,0x0000000b67880000)
 ParOldGen       total 24009728K, used 24009548K [0x0000000080000000, 0x0000000639700000, 0x0000000aeab00000)
  object space 24009728K, 99% used [0x0000000080000000,0x00000006396d33e8,0x0000000639700000)
 Metaspace       used 2604K, capacity 4100K, committed 4352K, reserved 8192K
Event: 18.655 GC heap after
Heap after GC invocations=66 (full 35):
 PSYoungGen      total 2045440K, used 2040102K [0x0000000aeab00000, 0x0000000b67f00000, 0x0000001020000000)
  eden space 2040320K, 99% used [0x0000000aeab00000,0x0000000b67349800,0x0000000b67380000)
  from space 5120K, 0% used [0x0000000b67880000,0x0000000b67880000,0x0000000b67d80000)
  to   space 5120K, 0% used [0x0000000b67380000,0x0000000b67380000,0x0000000b67880000)
 ParOldGen       total 24009728K, used 24009548K [0x0000000080000000, 0x0000000639700000, 0x0000000aeab00000)
  object space 24009728K, 99% used [0x0000000080000000,0x00000006396d33e8,0x0000000639700000)
 Metaspace       used 2604K, capacity 4100K, committed 4352K, reserved 8192K
}
Event: 18.656 GC heap before
{Heap before GC invocations=67 (full 36):
 PSYoungGen      total 2045440K, used 2040102K [0x0000000aeab00000, 0x0000000b67f00000, 0x0000001020000000)
  eden space 2040320K, 99% used [0x0000000aeab00000,0x0000000b67349800,0x0000000b67380000)
  from space 5120K, 0% used [0x0000000b67880000,0x0000000b67880000,0x0000000b67d80000)
  to   space 5120K, 0% used [0x0000000b67380000,0x0000000b67380000,0x0000000b67880000)
 ParOldGen       total 24011264K, used 24010955K [0x0000000080000000, 0x0000000639880000, 0x0000000aeab00000)
  object space 24011264K, 99% used [0x0000000080000000,0x0000000639832d30,0x0000000639880000)
 Metaspace       used 2604K, capacity 4100K, committed 4352K, reserved 8192K
Event: 18.752 GC heap after
Heap after GC invocations=67 (full 36):
 PSYoungGen      total 2045440K, used 2040102K [0x0000000aeab00000, 0x0000000b67f00000, 0x0000001020000000)
  eden space 2040320K, 99% used [0x0000000aeab00000,0x0000000b67349800,0x0000000b67380000)
  from space 5120K, 0% used [0x0000000b67880000,0x0000000b67880000,0x0000000b67d80000)
  to   space 5120K, 0% used [0x0000000b67380000,0x0000000b67380000,0x0000000b67880000)
 ParOldGen       total 24011264K, used 24010955K [0x0000000080000000, 0x0000000639880000, 0x0000000aeab00000)
  object space 24011264K, 99% used [0x0000000080000000,0x0000000639832d30,0x0000000639880000)
 Metaspace       used 2604K, capacity 4100K, committed 4352K, reserved 8192K
}
Event: 18.752 GC heap before
{Heap before GC invocations=68 (full 37):
 PSYoungGen      total 2045440K, used 2040102K [0x0000000aeab00000, 0x0000000b67f00000, 0x0000001020000000)
  eden space 2040320K, 99% used [0x0000000aeab00000,0x0000000b67349800,0x0000000b67380000)
  from space 5120K, 0% used [0x0000000b67880000,0x0000000b67880000,0x0000000b67d80000)
  to   space 5120K, 0% used [0x0000000b67380000,0x0000000b67380000,0x0000000b67880000)
 ParOldGen       total 24012288K, used 24011892K [0x0000000080000000, 0x0000000639980000, 0x0000000aeab00000)
  object space 24012288K, 99% used [0x0000000080000000,0x000000063991d360,0x0000000639980000)
 Metaspace       used 2604K, capacity 4100K, committed 4352K, reserved 8192K
Event: 18.849 GC heap after
Heap after GC invocations=68 (full 37):
 PSYoungGen      total 2045440K, used 2040102K [0x0000000aeab00000, 0x0000000b67f00000, 0x0000001020000000)
  eden space 2040320K, 99% used [0x0000000aeab00000,0x0000000b67349800,0x0000000b67380000)
  from space 5120K, 0% used [0x0000000b67880000,0x0000000b67880000,0x0000000b67d80000)
  to   space 5120K, 0% used [0x0000000b67380000,0x0000000b67380000,0x0000000b67880000)
 ParOldGen       total 24012288K, used 24011892K [0x0000000080000000, 0x0000000639980000, 0x0000000aeab00000)
  object space 24012288K, 99% used [0x0000000080000000,0x000000063991d360,0x0000000639980000)
 Metaspace       used 2604K, capacity 4100K, committed 4352K, reserved 8192K
}

